<?xml version="1.0" encoding="UTF-8"?>
<!-- Generated by org.testng.reporters.JUnitXMLReporter -->
<testsuite hostname="YP1000555DT" failures="0" tests="14" name="Dealer Path Login" time="250.868" errors="0" timestamp="13 Aug 2018 14:15:35 GMT">
  <testcase classname="com.deere.TestCasesFactory.Favourite_TestCase" name="verifyToCreateFavourite" time="87.951"/>
  <testcase classname="com.deere.TestCasesFactory.Favourite_TestCase" name="VerifyToFavouriteDifferentLanguagesOnHomepage" time="4.495"/>
  <testcase classname="com.deere.TestCasesFactory.Favourite_TestCase" name="verifyToCreateFolder" time="22.453"/>
  <testcase classname="com.deere.TestCasesFactory.Favourite_TestCase" name="verifyToDeleteFavouriteFolder" time="1.206"/>
  <testcase classname="com.deere.TestCasesFactory.Favourite_TestCase" name="verifyToRemoveFavouriteLinkfromlinkportlet" time="23.859"/>
  <testcase classname="com.deere.TestCasesFactory.Favourite_TestCase" name="verifyToRemoveFavouriteLinkfromQuickmodalwindow" time="24.569"/>
  <testcase classname="com.deere.TestCasesFactory.Favourite_TestCase" name="verifyToRemoveFavLinkfromFavoritesPortlethomepage" time="6.265"/>
  <testcase classname="com.deere.TestCasesFactory.Favourite_TestCase" name="verifyToMovingFavouriteFolderandLink" time="5.522"/>
  <testcase classname="com.deere.TestCasesFactory.Favourite_TestCase" name="verifyToExpandAndCollapseFavroiteFolder" time="4.795"/>
  <testcase classname="com.deere.TestCasesFactory.Favourite_TestCase" name="VerifyToFavouriteDifferentLanguagesOnDepartment" time="13.158"/>
  <testcase classname="com.deere.TestCasesFactory.Favourite_TestCase" name="VerifyToQuickModalonHomeDepartmentandalllevelsofIndexpages" time="26.333"/>
  <testcase classname="com.deere.TestCasesFactory.Favourite_TestCase" name="VerifyToFavouriteOnNonPrefferedDepartment" time="14.828"/>
  <testcase classname="com.deere.TestCasesFactory.Favourite_TestCase" name="verifyFilteringOnHomepage" time="7.102"/>
  <testcase classname="com.deere.TestCasesFactory.EndImpersonate_TestCase" name="endImpersonateUser" time="7.312"/>
</testsuite> <!-- Dealer Path Login -->
